**********************
Windows PowerShell 脚本开始
开始时间: 20260406102321
用户名: DESKTOP-2PCUBS9\PC
RunAs 用户: DESKTOP-2PCUBS9\PC
配置名称: 
计算机: DESKTOP-2PCUBS9 (Microsoft Windows NT 10.0.26200.0)
主机应用程序: C:\WINDOWS\System32\WindowsPowerShell\v1.0\powershell.exe -ExecutionPolicy Bypass -File .\auto-publish.ps1
进程 ID: 430640
PSVersion: 5.1.26100.7920
PSEdition: Desktop
PSCompatibleVersions: 1.0, 2.0, 3.0, 4.0, 5.0, 5.1.26100.7920
BuildVersion: 10.0.26100.7920
CLRVersion: 4.0.30319.42000
WSManStackVersion: 3.0
PSRemotingProtocolVersion: 2.3
SerializationVersion: 1.1.0.1
**********************
已启动脚本，输出文件为 D:\cowapout\WhiteNoise-Pro\logs\publish_2026-04-06_102321.log

========================================
  WhiteNoise Pro Auto Publish
========================================

Start: 2026-04-06 10:23:21
Version: auto
Target: github

[1/3] Downloading icons...
[Icon Download] Starting...
  Downloaded: music.svg
  Downloaded: play.svg
  Downloaded: pause.svg
  Downloaded: stop.svg
PS>TerminatingError(Invoke-WebRequest):“Couldn't find the requested file /svgs/solid/volume-up.svg in @fortawesome/fontawesome-free.”
  Failed: volume-up.svg
PS>TerminatingError(Invoke-WebRequest):“Couldn't find the requested file /svgs/solid/volume-down.svg in @fortawesome/fontawesome-free.”
  Failed: volume-down.svg
  Downloaded: cloud-rain.svg
  Downloaded: water.svg
  Downloaded: fire.svg
  Downloaded: wind.svg
  Downloaded: tree.svg
PS>TerminatingError(Invoke-WebRequest):“Couldn't find the requested file /svgs/solid/coffee.svg in @fortawesome/fontawesome-free.”
  Failed: coffee.svg
PS>TerminatingError(Invoke-WebRequest):“Couldn't find the requested file /svgs/solid/bird.svg in @fortawesome/fontawesome-free.”
  Failed: bird.svg
  Downloaded: leaf.svg
  Downloaded: sun.svg
  Downloaded: moon.svg
  Downloaded: star.svg
  Downloaded: heart.svg

[Icon Download] Completed!
  Success: 14
  Failed: 4
  Icon list generated
  [OK] Icons completed

[2/3] Downloading audio...
[Audio Download] Starting...
  Planning: 34 files

  Downloaded: white-noise/white-noise-smooth.mp3
  Downloaded: white-noise/pink-noise.mp3
  Downloaded: white-noise/brown-noise.mp3
  Downloaded: white-noise/fan-sound.mp3
  Downloaded: white-noise/air-purifier.mp3
  Downloaded: white-noise/static-soft.mp3
  Downloaded: water/ocean-waves.mp3
  Downloaded: water/river-flow.mp3
  Downloaded: water/waterfall.mp3
  Downloaded: water/lake-shore.mp3
  Downloaded: water/stream-brook.mp3
  Downloaded: water/rain-creek.mp3
  Downloaded: water/water-fountain.mp3
  Downloaded: urban/cafe-ambient.mp3
  Downloaded: urban/train-distant.mp3
  Downloaded: urban/city-night.mp3
  Downloaded: urban/library-quiet.mp3
  Downloaded: urban/office-hum.mp3
  Downloaded: urban/subway-distant.mp3
  Downloaded: urban/restaurant-background.mp3
  Downloaded: rain/light-rain.mp3
  Downloaded: rain/heavy-rain.mp3
  Downloaded: rain/rain-on-roof.mp3
  Downloaded: rain/rain-thunder.mp3
  Downloaded: rain/rain-window.mp3
  Downloaded: rain/tropical-rain.mp3
  Downloaded: rain/rain-puddle.mp3
  Downloaded: nature/forest-wind.mp3
  Downloaded: nature/birds-morning.mp3
  Downloaded: nature/crickets-night.mp3
  Downloaded: nature/wind-leaves.mp3
  Downloaded: nature/meadow-summer.mp3
  Downloaded: nature/mountain-breeze.mp3
  Downloaded: nature/bamboo-forest.mp3

[Audio Download] Completed!
  Duration: 0m 17s
  Success: 34
  Failed: 0
  Audio manifest generated
  [OK] Audio completed

[3/3] Deploying...
[Deploy] Starting...
  Version: 1.0.0 (new)
  Building...
  Build completed
  Git operations...
  Init git repo...


PS>TerminatingError(git.exe):“已停止该运行的命令，因为首选项变量“ErrorActionPreference”或通用参数设置为 Stop: warning: in the working copy of '.env.example', LF will be replaced by CRLF the next time Git touches it”
>> TerminatingError(git.exe):“已停止该运行的命令，因为首选项变量“ErrorActionPreference”或通用参数设置为 Stop: warning: in the working copy of '.env.example', LF will be replaced by CRLF the next time Git touches it”

Error: warning: in the working copy of '.env.example', LF will be replaced by CRLF the next time Git touches it

========================================
  Publish Completed!
========================================

Duration: 0m 27s
Status: Failed
Log: D:\cowapout\WhiteNoise-Pro\logs\publish_2026-04-06_102321.log

Step Results:
  [OK] Icons
  [OK] Audio

Report: D:\cowapout\WhiteNoise_Pro_ExecReport_2026-04-06_102349.md
**********************
Windows PowerShell 脚本结束
结束时间: 20260406102349
**********************
